# JRE version: OpenJDK Runtime Environment Temurin-21.0.10+7 (21.0.10+7) (build 21.0.10+7-LTS)
# Java VM: OpenJDK 64-Bit Server VM Temurin-21.0.10+7 (21.0.10+7-LTS, mixed mode, sharing, tiered, compressed oops, compressed class ptrs, g1 gc, windows-amd64)
GC Precious Log:
 CardTable entry size: 512
 Card Set container configuration: InlinePtr #cards 4 size 8 Array Of Cards #cards 16 size 48 Howl #buckets 8 coarsen threshold 3686 Howl Bitmap #cards 512 size 80 coarsen threshold 460 Card regions per heap region 1 cards per card region 4096
 CPUs: 12 total, 12 available
 Memory: 16052M
 Large Page Support: Disabled
 NUMA Support: Disabled
 Compressed Oops: Enabled (Zero based)
 Heap Region Size: 2M
 Heap Min Capacity: 512M
 Heap Initial Capacity: 512M
 Heap Max Capacity: 4G
 Pre-touch: Disabled
 Parallel Workers: 10
 Concurrent Workers: 3
 Concurrent Refinement Workers: 10
 Periodic GC: Disabled
Heap:
 garbage-first heap   total 524288K, used 121445K [0x0000000700000000, 0x0000000800000000)
  region size 2048K, 49 young (100352K), 13 survivors (26624K)
 Metaspace       used 64400K, committed 66112K, reserved 917504K
  class space    used 8978K, committed 9792K, reserved 851968K
GC Heap History (12 events):
Event: 0.590 GC heap before
{Heap before GC invocations=0 (full 0):
 garbage-first heap   total 524288K, used 26624K [0x0000000700000000, 0x0000000800000000)
  region size 2048K, 12 young (24576K), 0 survivors (0K)
 Metaspace       used 1292K, committed 1408K, reserved 917504K
  class space    used 110K, committed 192K, reserved 851968K
}
Event: 0.594 GC heap after
{Heap after GC invocations=1 (full 0):
 garbage-first heap   total 524288K, used 10304K [0x0000000700000000, 0x0000000800000000)
  region size 2048K, 2 young (4096K), 2 survivors (4096K)
 Metaspace       used 1292K, committed 1408K, reserved 917504K
  class space    used 110K, committed 192K, reserved 851968K
}
Event: 1.480 GC heap before
{Heap before GC invocations=1 (full 0):
 garbage-first heap   total 524288K, used 45120K [0x0000000700000000, 0x0000000800000000)
  region size 2048K, 19 young (38912K), 2 survivors (4096K)
 Metaspace       used 4295K, committed 4480K, reserved 917504K
  class space    used 545K, committed 640K, reserved 851968K
}
Event: 1.483 GC heap after
{Heap after GC invocations=2 (full 0):
 garbage-first heap   total 524288K, used 11988K [0x0000000700000000, 0x0000000800000000)
  region size 2048K, 1 young (2048K), 1 survivors (2048K)
 Metaspace       used 4295K, committed 4480K, reserved 917504K
  class space    used 545K, committed 640K, reserved 851968K
}
Event: 5.574 GC heap before
{Heap before GC invocations=2 (full 0):
 garbage-first heap   total 524288K, used 143060K [0x0000000700000000, 0x0000000800000000)
  region size 2048K, 67 young (137216K), 1 survivors (2048K)
 Metaspace       used 20860K, committed 21504K, reserved 917504K
  class space    used 3079K, committed 3392K, reserved 851968K
}
Event: 5.592 GC heap after
{Heap after GC invocations=3 (full 0):
 garbage-first heap   total 524288K, used 24302K [0x0000000700000000, 0x0000000800000000)
  region size 2048K, 7 young (14336K), 7 survivors (14336K)
 Metaspace       used 20860K, committed 21504K, reserved 917504K
  class space    used 3079K, committed 3392K, reserved 851968K
}
Event: 9.009 GC heap before
{Heap before GC invocations=4 (full 0):
 garbage-first heap   total 524288K, used 118510K [0x0000000700000000, 0x0000000800000000)
  region size 2048K, 54 young (110592K), 7 survivors (14336K)
 Metaspace       used 34789K, committed 35968K, reserved 917504K
  class space    used 5157K, committed 5760K, reserved 851968K
}
Event: 9.029 GC heap after
{Heap after GC invocations=5 (full 0):
 garbage-first heap   total 524288K, used 32504K [0x0000000700000000, 0x0000000800000000)
  region size 2048K, 11 young (22528K), 11 survivors (22528K)
 Metaspace       used 34789K, committed 35968K, reserved 917504K
  class space    used 5157K, committed 5760K, reserved 851968K
}
Event: 13.099 GC heap before
{Heap before GC invocations=6 (full 0):
 garbage-first heap   total 524288K, used 288504K [0x0000000700000000, 0x0000000800000000)
  region size 2048K, 135 young (276480K), 11 survivors (22528K)
 Metaspace       used 45266K, committed 46656K, reserved 917504K
  class space    used 6562K, committed 7232K, reserved 851968K
}
Event: 13.135 GC heap after
{Heap after GC invocations=7 (full 0):
 garbage-first heap   total 524288K, used 41746K [0x0000000700000000, 0x0000000800000000)
  region size 2048K, 9 young (18432K), 9 survivors (18432K)
 Metaspace       used 45266K, committed 46656K, reserved 917504K
  class space    used 6562K, committed 7232K, reserved 851968K
}
Event: 18.032 GC heap before
{Heap before GC invocations=7 (full 0):
 garbage-first heap   total 524288K, used 172818K [0x0000000700000000, 0x0000000800000000)
  region size 2048K, 74 young (151552K), 9 survivors (18432K)
 Metaspace       used 58518K, committed 60160K, reserved 917504K
  class space    used 8396K, committed 9216K, reserved 851968K
}
Event: 18.057 GC heap after
{Heap after GC invocations=8 (full 0):
 garbage-first heap   total 524288K, used 49765K [0x0000000700000000, 0x0000000800000000)
  region size 2048K, 13 young (26624K), 13 survivors (26624K)
 Metaspace       used 58518K, committed 60160K, reserved 917504K
  class space    used 8396K, committed 9216K, reserved 851968K
}

